C:\USERS\ALIANNY.DIAZALEJO\DOCUMENTS\GITHUB\PSR-APPLICATION\STOCKREADERAPPLICATION\X64\DEBUG\SRAPP.PCH
C:\USERS\ALIANNY.DIAZALEJO\DOCUMENTS\GITHUB\PSR-APPLICATION\STOCKREADERAPPLICATION\X64\DEBUG\STDAFX.OBJ
C:\USERS\ALIANNY.DIAZALEJO\DOCUMENTS\GITHUB\PSR-APPLICATION\STOCKREADERAPPLICATION\X64\DEBUG\VC110.PDB
C:\USERS\ALIANNY.DIAZALEJO\DOCUMENTS\GITHUB\PSR-APPLICATION\STOCKREADERAPPLICATION\X64\DEBUG\STOCKREADERAPPLICATION.OBJ
C:\USERS\ALIANNY.DIAZALEJO\DOCUMENTS\GITHUB\PSR-APPLICATION\STOCKREADERAPPLICATION\X64\DEBUG\SQLCALLBACK.OBJ
C:\USERS\ALIANNY.DIAZALEJO\DOCUMENTS\GITHUB\PSR-APPLICATION\STOCKREADERAPPLICATION\X64\DEBUG\ASSEMBLYINFO.OBJ
C:\USERS\ALIANNY.DIAZALEJO\DOCUMENTS\GITHUB\PSR-APPLICATION\STOCKREADERAPPLICATION\X64\DEBUG\.NETFRAMEWORK,VERSION=V4.5.ASSEMBLYATTRIBUTES.OBJ
C:\USERS\ALIANNY.DIAZALEJO\DOCUMENTS\GITHUB\PSR-APPLICATION\X64\DEBUG\SRAPP.ILK
C:\USERS\ALIANNY.DIAZALEJO\DOCUMENTS\GITHUB\PSR-APPLICATION\X64\DEBUG\SRAPP.EXE
C:\USERS\ALIANNY.DIAZALEJO\DOCUMENTS\GITHUB\PSR-APPLICATION\X64\DEBUG\SRAPP.PDB
C:\USERS\ALIANNY.DIAZALEJO\DOCUMENTS\GITHUB\PSR-APPLICATION\STOCKREADERAPPLICATION\X64\DEBUG\APP.RES
C:\Users\alianny.diazalejo\Documents\GitHub\PSR-Application\StockReaderApplication\x64\Debug\StockReaderApplication.Form1.resources
C:\Users\alianny.diazalejo\Documents\GitHub\PSR-Application\StockReaderApplication\x64\Debug\StockReaderApplication.vcxproj.GenerateResource.Cache
C:\Users\alianny.diazalejo\Documents\GitHub\PSR-Application\StockReaderApplication\x64\Debug\StockReaderApplication.vcxprojResolveAssemblyReference.cache
C:\Users\alianny.diazalejo\Documents\GitHub\PSR-Application\StockReaderApplication\x64\Debug\.NETFramework,Version=v4.5.AssemblyAttributes.obj
C:\Users\alianny.diazalejo\Documents\GitHub\PSR-Application\StockReaderApplication\x64\Debug\AssemblyInfo.obj
C:\Users\alianny.diazalejo\Documents\GitHub\PSR-Application\StockReaderApplication\x64\Debug\SQLCallBack.obj
C:\Users\alianny.diazalejo\Documents\GitHub\PSR-Application\StockReaderApplication\x64\Debug\stdafx.obj
C:\Users\alianny.diazalejo\Documents\GitHub\PSR-Application\StockReaderApplication\x64\Debug\StockReaderApplication.obj
C:\Users\alianny.diazalejo\Documents\GitHub\PSR-Application\StockReaderApplication\x64\Debug\cl.command.1.tlog
C:\Users\alianny.diazalejo\Documents\GitHub\PSR-Application\StockReaderApplication\x64\Debug\CL.read.1.tlog
C:\Users\alianny.diazalejo\Documents\GitHub\PSR-Application\StockReaderApplication\x64\Debug\CL.write.1.tlog
C:\Users\alianny.diazalejo\Documents\GitHub\PSR-Application\StockReaderApplication\x64\Debug\link.1008-cvtres.read.1.tlog
C:\Users\alianny.diazalejo\Documents\GitHub\PSR-Application\StockReaderApplication\x64\Debug\link.1008-cvtres.write.1.tlog
C:\Users\alianny.diazalejo\Documents\GitHub\PSR-Application\StockReaderApplication\x64\Debug\link.1008-rc.read.1.tlog
C:\Users\alianny.diazalejo\Documents\GitHub\PSR-Application\StockReaderApplication\x64\Debug\link.1008-rc.write.1.tlog
C:\Users\alianny.diazalejo\Documents\GitHub\PSR-Application\StockReaderApplication\x64\Debug\link.1008.read.1.tlog
C:\Users\alianny.diazalejo\Documents\GitHub\PSR-Application\StockReaderApplication\x64\Debug\link.1008.write.1.tlog
C:\Users\alianny.diazalejo\Documents\GitHub\PSR-Application\StockReaderApplication\x64\Debug\link.10084-cvtres.read.1.tlog
C:\Users\alianny.diazalejo\Documents\GitHub\PSR-Application\StockReaderApplication\x64\Debug\link.10084-cvtres.write.1.tlog
C:\Users\alianny.diazalejo\Documents\GitHub\PSR-Application\StockReaderApplication\x64\Debug\link.10084-rc.read.1.tlog
C:\Users\alianny.diazalejo\Documents\GitHub\PSR-Application\StockReaderApplication\x64\Debug\link.10084-rc.write.1.tlog
C:\Users\alianny.diazalejo\Documents\GitHub\PSR-Application\StockReaderApplication\x64\Debug\link.10084.read.1.tlog
C:\Users\alianny.diazalejo\Documents\GitHub\PSR-Application\StockReaderApplication\x64\Debug\link.10084.write.1.tlog
C:\Users\alianny.diazalejo\Documents\GitHub\PSR-Application\StockReaderApplication\x64\Debug\link.10688-cvtres.read.1.tlog
C:\Users\alianny.diazalejo\Documents\GitHub\PSR-Application\StockReaderApplication\x64\Debug\link.10688-cvtres.write.1.tlog
C:\Users\alianny.diazalejo\Documents\GitHub\PSR-Application\StockReaderApplication\x64\Debug\link.10688-rc.read.1.tlog
C:\Users\alianny.diazalejo\Documents\GitHub\PSR-Application\StockReaderApplication\x64\Debug\link.10688-rc.write.1.tlog
C:\Users\alianny.diazalejo\Documents\GitHub\PSR-Application\StockReaderApplication\x64\Debug\link.10688.read.1.tlog
C:\Users\alianny.diazalejo\Documents\GitHub\PSR-Application\StockReaderApplication\x64\Debug\link.10688.write.1.tlog
C:\Users\alianny.diazalejo\Documents\GitHub\PSR-Application\StockReaderApplication\x64\Debug\link.11820-cvtres.read.1.tlog
C:\Users\alianny.diazalejo\Documents\GitHub\PSR-Application\StockReaderApplication\x64\Debug\link.11820-cvtres.write.1.tlog
C:\Users\alianny.diazalejo\Documents\GitHub\PSR-Application\StockReaderApplication\x64\Debug\link.11820-rc.read.1.tlog
C:\Users\alianny.diazalejo\Documents\GitHub\PSR-Application\StockReaderApplication\x64\Debug\link.11820-rc.write.1.tlog
C:\Users\alianny.diazalejo\Documents\GitHub\PSR-Application\StockReaderApplication\x64\Debug\link.11820.read.1.tlog
C:\Users\alianny.diazalejo\Documents\GitHub\PSR-Application\StockReaderApplication\x64\Debug\link.11820.write.1.tlog
C:\Users\alianny.diazalejo\Documents\GitHub\PSR-Application\StockReaderApplication\x64\Debug\link.1248-cvtres.read.1.tlog
C:\Users\alianny.diazalejo\Documents\GitHub\PSR-Application\StockReaderApplication\x64\Debug\link.1248-cvtres.write.1.tlog
C:\Users\alianny.diazalejo\Documents\GitHub\PSR-Application\StockReaderApplication\x64\Debug\link.1248-rc.read.1.tlog
C:\Users\alianny.diazalejo\Documents\GitHub\PSR-Application\StockReaderApplication\x64\Debug\link.1248-rc.write.1.tlog
C:\Users\alianny.diazalejo\Documents\GitHub\PSR-Application\StockReaderApplication\x64\Debug\link.1248.read.1.tlog
C:\Users\alianny.diazalejo\Documents\GitHub\PSR-Application\StockReaderApplication\x64\Debug\link.1248.write.1.tlog
C:\Users\alianny.diazalejo\Documents\GitHub\PSR-Application\StockReaderApplication\x64\Debug\link.1472-cvtres.read.1.tlog
C:\Users\alianny.diazalejo\Documents\GitHub\PSR-Application\StockReaderApplication\x64\Debug\link.1472-cvtres.write.1.tlog
C:\Users\alianny.diazalejo\Documents\GitHub\PSR-Application\StockReaderApplication\x64\Debug\link.1472-rc.read.1.tlog
C:\Users\alianny.diazalejo\Documents\GitHub\PSR-Application\StockReaderApplication\x64\Debug\link.1472-rc.write.1.tlog
C:\Users\alianny.diazalejo\Documents\GitHub\PSR-Application\StockReaderApplication\x64\Debug\link.1472.read.1.tlog
C:\Users\alianny.diazalejo\Documents\GitHub\PSR-Application\StockReaderApplication\x64\Debug\link.1472.write.1.tlog
C:\Users\alianny.diazalejo\Documents\GitHub\PSR-Application\StockReaderApplication\x64\Debug\link.1944-cvtres.read.1.tlog
C:\Users\alianny.diazalejo\Documents\GitHub\PSR-Application\StockReaderApplication\x64\Debug\link.1944-cvtres.write.1.tlog
C:\Users\alianny.diazalejo\Documents\GitHub\PSR-Application\StockReaderApplication\x64\Debug\link.1944-rc.read.1.tlog
C:\Users\alianny.diazalejo\Documents\GitHub\PSR-Application\StockReaderApplication\x64\Debug\link.1944-rc.write.1.tlog
C:\Users\alianny.diazalejo\Documents\GitHub\PSR-Application\StockReaderApplication\x64\Debug\link.1944.read.1.tlog
C:\Users\alianny.diazalejo\Documents\GitHub\PSR-Application\StockReaderApplication\x64\Debug\link.1944.write.1.tlog
C:\Users\alianny.diazalejo\Documents\GitHub\PSR-Application\StockReaderApplication\x64\Debug\link.276-cvtres.read.1.tlog
C:\Users\alianny.diazalejo\Documents\GitHub\PSR-Application\StockReaderApplication\x64\Debug\link.276-cvtres.write.1.tlog
C:\Users\alianny.diazalejo\Documents\GitHub\PSR-Application\StockReaderApplication\x64\Debug\link.276-rc.read.1.tlog
C:\Users\alianny.diazalejo\Documents\GitHub\PSR-Application\StockReaderApplication\x64\Debug\link.276-rc.write.1.tlog
C:\Users\alianny.diazalejo\Documents\GitHub\PSR-Application\StockReaderApplication\x64\Debug\link.276.read.1.tlog
C:\Users\alianny.diazalejo\Documents\GitHub\PSR-Application\StockReaderApplication\x64\Debug\link.276.write.1.tlog
C:\Users\alianny.diazalejo\Documents\GitHub\PSR-Application\StockReaderApplication\x64\Debug\link.3420-cvtres.read.1.tlog
C:\Users\alianny.diazalejo\Documents\GitHub\PSR-Application\StockReaderApplication\x64\Debug\link.3420-cvtres.write.1.tlog
C:\Users\alianny.diazalejo\Documents\GitHub\PSR-Application\StockReaderApplication\x64\Debug\link.3420-rc.read.1.tlog
C:\Users\alianny.diazalejo\Documents\GitHub\PSR-Application\StockReaderApplication\x64\Debug\link.3420-rc.write.1.tlog
C:\Users\alianny.diazalejo\Documents\GitHub\PSR-Application\StockReaderApplication\x64\Debug\link.3420.read.1.tlog
C:\Users\alianny.diazalejo\Documents\GitHub\PSR-Application\StockReaderApplication\x64\Debug\link.3420.write.1.tlog
C:\Users\alianny.diazalejo\Documents\GitHub\PSR-Application\StockReaderApplication\x64\Debug\link.3428-cvtres.read.1.tlog
C:\Users\alianny.diazalejo\Documents\GitHub\PSR-Application\StockReaderApplication\x64\Debug\link.3428-cvtres.write.1.tlog
C:\Users\alianny.diazalejo\Documents\GitHub\PSR-Application\StockReaderApplication\x64\Debug\link.3428-rc.read.1.tlog
C:\Users\alianny.diazalejo\Documents\GitHub\PSR-Application\StockReaderApplication\x64\Debug\link.3428-rc.write.1.tlog
C:\Users\alianny.diazalejo\Documents\GitHub\PSR-Application\StockReaderApplication\x64\Debug\link.3428.read.1.tlog
C:\Users\alianny.diazalejo\Documents\GitHub\PSR-Application\StockReaderApplication\x64\Debug\link.3428.write.1.tlog
C:\Users\alianny.diazalejo\Documents\GitHub\PSR-Application\StockReaderApplication\x64\Debug\link.4352-cvtres.read.1.tlog
C:\Users\alianny.diazalejo\Documents\GitHub\PSR-Application\StockReaderApplication\x64\Debug\link.4352-cvtres.write.1.tlog
C:\Users\alianny.diazalejo\Documents\GitHub\PSR-Application\StockReaderApplication\x64\Debug\link.4352-rc.read.1.tlog
C:\Users\alianny.diazalejo\Documents\GitHub\PSR-Application\StockReaderApplication\x64\Debug\link.4352-rc.write.1.tlog
C:\Users\alianny.diazalejo\Documents\GitHub\PSR-Application\StockReaderApplication\x64\Debug\link.4352.read.1.tlog
C:\Users\alianny.diazalejo\Documents\GitHub\PSR-Application\StockReaderApplication\x64\Debug\link.4352.write.1.tlog
C:\Users\alianny.diazalejo\Documents\GitHub\PSR-Application\StockReaderApplication\x64\Debug\link.4432-cvtres.read.1.tlog
C:\Users\alianny.diazalejo\Documents\GitHub\PSR-Application\StockReaderApplication\x64\Debug\link.4432-cvtres.write.1.tlog
C:\Users\alianny.diazalejo\Documents\GitHub\PSR-Application\StockReaderApplication\x64\Debug\link.4432-rc.read.1.tlog
C:\Users\alianny.diazalejo\Documents\GitHub\PSR-Application\StockReaderApplication\x64\Debug\link.4432-rc.write.1.tlog
C:\Users\alianny.diazalejo\Documents\GitHub\PSR-Application\StockReaderApplication\x64\Debug\link.4432.read.1.tlog
C:\Users\alianny.diazalejo\Documents\GitHub\PSR-Application\StockReaderApplication\x64\Debug\link.4432.write.1.tlog
C:\Users\alianny.diazalejo\Documents\GitHub\PSR-Application\StockReaderApplication\x64\Debug\link.5568-cvtres.read.1.tlog
C:\Users\alianny.diazalejo\Documents\GitHub\PSR-Application\StockReaderApplication\x64\Debug\link.5568-cvtres.write.1.tlog
C:\Users\alianny.diazalejo\Documents\GitHub\PSR-Application\StockReaderApplication\x64\Debug\link.5568-rc.read.1.tlog
C:\Users\alianny.diazalejo\Documents\GitHub\PSR-Application\StockReaderApplication\x64\Debug\link.5568-rc.write.1.tlog
C:\Users\alianny.diazalejo\Documents\GitHub\PSR-Application\StockReaderApplication\x64\Debug\link.5568.read.1.tlog
C:\Users\alianny.diazalejo\Documents\GitHub\PSR-Application\StockReaderApplication\x64\Debug\link.5568.write.1.tlog
C:\Users\alianny.diazalejo\Documents\GitHub\PSR-Application\StockReaderApplication\x64\Debug\link.5576-cvtres.read.1.tlog
C:\Users\alianny.diazalejo\Documents\GitHub\PSR-Application\StockReaderApplication\x64\Debug\link.5576-cvtres.write.1.tlog
C:\Users\alianny.diazalejo\Documents\GitHub\PSR-Application\StockReaderApplication\x64\Debug\link.5576-rc.read.1.tlog
C:\Users\alianny.diazalejo\Documents\GitHub\PSR-Application\StockReaderApplication\x64\Debug\link.5576-rc.write.1.tlog
C:\Users\alianny.diazalejo\Documents\GitHub\PSR-Application\StockReaderApplication\x64\Debug\link.5576.read.1.tlog
C:\Users\alianny.diazalejo\Documents\GitHub\PSR-Application\StockReaderApplication\x64\Debug\link.5576.write.1.tlog
C:\Users\alianny.diazalejo\Documents\GitHub\PSR-Application\StockReaderApplication\x64\Debug\link.6308-cvtres.read.1.tlog
C:\Users\alianny.diazalejo\Documents\GitHub\PSR-Application\StockReaderApplication\x64\Debug\link.6308-cvtres.write.1.tlog
C:\Users\alianny.diazalejo\Documents\GitHub\PSR-Application\StockReaderApplication\x64\Debug\link.6308-rc.read.1.tlog
C:\Users\alianny.diazalejo\Documents\GitHub\PSR-Application\StockReaderApplication\x64\Debug\link.6308-rc.write.1.tlog
C:\Users\alianny.diazalejo\Documents\GitHub\PSR-Application\StockReaderApplication\x64\Debug\link.6308.read.1.tlog
C:\Users\alianny.diazalejo\Documents\GitHub\PSR-Application\StockReaderApplication\x64\Debug\link.6308.write.1.tlog
C:\Users\alianny.diazalejo\Documents\GitHub\PSR-Application\StockReaderApplication\x64\Debug\link.6592-cvtres.read.1.tlog
C:\Users\alianny.diazalejo\Documents\GitHub\PSR-Application\StockReaderApplication\x64\Debug\link.6592-cvtres.write.1.tlog
C:\Users\alianny.diazalejo\Documents\GitHub\PSR-Application\StockReaderApplication\x64\Debug\link.6592-rc.read.1.tlog
C:\Users\alianny.diazalejo\Documents\GitHub\PSR-Application\StockReaderApplication\x64\Debug\link.6592-rc.write.1.tlog
C:\Users\alianny.diazalejo\Documents\GitHub\PSR-Application\StockReaderApplication\x64\Debug\link.6592.read.1.tlog
C:\Users\alianny.diazalejo\Documents\GitHub\PSR-Application\StockReaderApplication\x64\Debug\link.6592.write.1.tlog
C:\Users\alianny.diazalejo\Documents\GitHub\PSR-Application\StockReaderApplication\x64\Debug\link.8164-cvtres.read.1.tlog
C:\Users\alianny.diazalejo\Documents\GitHub\PSR-Application\StockReaderApplication\x64\Debug\link.8164-cvtres.write.1.tlog
C:\Users\alianny.diazalejo\Documents\GitHub\PSR-Application\StockReaderApplication\x64\Debug\link.8164-rc.read.1.tlog
C:\Users\alianny.diazalejo\Documents\GitHub\PSR-Application\StockReaderApplication\x64\Debug\link.8164-rc.write.1.tlog
C:\Users\alianny.diazalejo\Documents\GitHub\PSR-Application\StockReaderApplication\x64\Debug\link.8164.read.1.tlog
C:\Users\alianny.diazalejo\Documents\GitHub\PSR-Application\StockReaderApplication\x64\Debug\link.8164.write.1.tlog
C:\Users\alianny.diazalejo\Documents\GitHub\PSR-Application\StockReaderApplication\x64\Debug\link.8260-cvtres.read.1.tlog
C:\Users\alianny.diazalejo\Documents\GitHub\PSR-Application\StockReaderApplication\x64\Debug\link.8260-cvtres.write.1.tlog
C:\Users\alianny.diazalejo\Documents\GitHub\PSR-Application\StockReaderApplication\x64\Debug\link.8260-rc.read.1.tlog
C:\Users\alianny.diazalejo\Documents\GitHub\PSR-Application\StockReaderApplication\x64\Debug\link.8260-rc.write.1.tlog
C:\Users\alianny.diazalejo\Documents\GitHub\PSR-Application\StockReaderApplication\x64\Debug\link.8260.read.1.tlog
C:\Users\alianny.diazalejo\Documents\GitHub\PSR-Application\StockReaderApplication\x64\Debug\link.8260.write.1.tlog
C:\Users\alianny.diazalejo\Documents\GitHub\PSR-Application\StockReaderApplication\x64\Debug\link.8288-cvtres.read.1.tlog
C:\Users\alianny.diazalejo\Documents\GitHub\PSR-Application\StockReaderApplication\x64\Debug\link.8288-cvtres.write.1.tlog
C:\Users\alianny.diazalejo\Documents\GitHub\PSR-Application\StockReaderApplication\x64\Debug\link.8288-rc.read.1.tlog
C:\Users\alianny.diazalejo\Documents\GitHub\PSR-Application\StockReaderApplication\x64\Debug\link.8288-rc.write.1.tlog
C:\Users\alianny.diazalejo\Documents\GitHub\PSR-Application\StockReaderApplication\x64\Debug\link.8288.read.1.tlog
C:\Users\alianny.diazalejo\Documents\GitHub\PSR-Application\StockReaderApplication\x64\Debug\link.8288.write.1.tlog
C:\Users\alianny.diazalejo\Documents\GitHub\PSR-Application\StockReaderApplication\x64\Debug\link.8688-cvtres.read.1.tlog
C:\Users\alianny.diazalejo\Documents\GitHub\PSR-Application\StockReaderApplication\x64\Debug\link.8688-cvtres.write.1.tlog
C:\Users\alianny.diazalejo\Documents\GitHub\PSR-Application\StockReaderApplication\x64\Debug\link.8688-rc.read.1.tlog
C:\Users\alianny.diazalejo\Documents\GitHub\PSR-Application\StockReaderApplication\x64\Debug\link.8688-rc.write.1.tlog
C:\Users\alianny.diazalejo\Documents\GitHub\PSR-Application\StockReaderApplication\x64\Debug\link.8688.read.1.tlog
C:\Users\alianny.diazalejo\Documents\GitHub\PSR-Application\StockReaderApplication\x64\Debug\link.8688.write.1.tlog
C:\Users\alianny.diazalejo\Documents\GitHub\PSR-Application\StockReaderApplication\x64\Debug\link.8740-cvtres.read.1.tlog
C:\Users\alianny.diazalejo\Documents\GitHub\PSR-Application\StockReaderApplication\x64\Debug\link.8740-cvtres.write.1.tlog
C:\Users\alianny.diazalejo\Documents\GitHub\PSR-Application\StockReaderApplication\x64\Debug\link.8740-rc.read.1.tlog
C:\Users\alianny.diazalejo\Documents\GitHub\PSR-Application\StockReaderApplication\x64\Debug\link.8740-rc.write.1.tlog
C:\Users\alianny.diazalejo\Documents\GitHub\PSR-Application\StockReaderApplication\x64\Debug\link.8740.read.1.tlog
C:\Users\alianny.diazalejo\Documents\GitHub\PSR-Application\StockReaderApplication\x64\Debug\link.8740.write.1.tlog
C:\Users\alianny.diazalejo\Documents\GitHub\PSR-Application\StockReaderApplication\x64\Debug\link.8884-cvtres.read.1.tlog
C:\Users\alianny.diazalejo\Documents\GitHub\PSR-Application\StockReaderApplication\x64\Debug\link.8884-cvtres.write.1.tlog
C:\Users\alianny.diazalejo\Documents\GitHub\PSR-Application\StockReaderApplication\x64\Debug\link.8884-rc.read.1.tlog
C:\Users\alianny.diazalejo\Documents\GitHub\PSR-Application\StockReaderApplication\x64\Debug\link.8884-rc.write.1.tlog
C:\Users\alianny.diazalejo\Documents\GitHub\PSR-Application\StockReaderApplication\x64\Debug\link.8884.read.1.tlog
C:\Users\alianny.diazalejo\Documents\GitHub\PSR-Application\StockReaderApplication\x64\Debug\link.8884.write.1.tlog
C:\Users\alianny.diazalejo\Documents\GitHub\PSR-Application\StockReaderApplication\x64\Debug\link.8992-cvtres.read.1.tlog
C:\Users\alianny.diazalejo\Documents\GitHub\PSR-Application\StockReaderApplication\x64\Debug\link.8992-cvtres.write.1.tlog
C:\Users\alianny.diazalejo\Documents\GitHub\PSR-Application\StockReaderApplication\x64\Debug\link.8992-rc.read.1.tlog
C:\Users\alianny.diazalejo\Documents\GitHub\PSR-Application\StockReaderApplication\x64\Debug\link.8992-rc.write.1.tlog
C:\Users\alianny.diazalejo\Documents\GitHub\PSR-Application\StockReaderApplication\x64\Debug\link.8992.read.1.tlog
C:\Users\alianny.diazalejo\Documents\GitHub\PSR-Application\StockReaderApplication\x64\Debug\link.8992.write.1.tlog
C:\Users\alianny.diazalejo\Documents\GitHub\PSR-Application\StockReaderApplication\x64\Debug\link.9440-cvtres.read.1.tlog
C:\Users\alianny.diazalejo\Documents\GitHub\PSR-Application\StockReaderApplication\x64\Debug\link.9440-cvtres.write.1.tlog
C:\Users\alianny.diazalejo\Documents\GitHub\PSR-Application\StockReaderApplication\x64\Debug\link.9440-rc.read.1.tlog
C:\Users\alianny.diazalejo\Documents\GitHub\PSR-Application\StockReaderApplication\x64\Debug\link.9440-rc.write.1.tlog
C:\Users\alianny.diazalejo\Documents\GitHub\PSR-Application\StockReaderApplication\x64\Debug\link.9440.read.1.tlog
C:\Users\alianny.diazalejo\Documents\GitHub\PSR-Application\StockReaderApplication\x64\Debug\link.9440.write.1.tlog
C:\Users\alianny.diazalejo\Documents\GitHub\PSR-Application\StockReaderApplication\x64\Debug\link.9504-cvtres.read.1.tlog
C:\Users\alianny.diazalejo\Documents\GitHub\PSR-Application\StockReaderApplication\x64\Debug\link.9504-cvtres.write.1.tlog
C:\Users\alianny.diazalejo\Documents\GitHub\PSR-Application\StockReaderApplication\x64\Debug\link.9504-rc.read.1.tlog
C:\Users\alianny.diazalejo\Documents\GitHub\PSR-Application\StockReaderApplication\x64\Debug\link.9504-rc.write.1.tlog
C:\Users\alianny.diazalejo\Documents\GitHub\PSR-Application\StockReaderApplication\x64\Debug\link.9504.read.1.tlog
C:\Users\alianny.diazalejo\Documents\GitHub\PSR-Application\StockReaderApplication\x64\Debug\link.9504.write.1.tlog
C:\Users\alianny.diazalejo\Documents\GitHub\PSR-Application\StockReaderApplication\x64\Debug\link.9680-cvtres.read.1.tlog
C:\Users\alianny.diazalejo\Documents\GitHub\PSR-Application\StockReaderApplication\x64\Debug\link.9680-cvtres.write.1.tlog
C:\Users\alianny.diazalejo\Documents\GitHub\PSR-Application\StockReaderApplication\x64\Debug\link.9680-rc.read.1.tlog
C:\Users\alianny.diazalejo\Documents\GitHub\PSR-Application\StockReaderApplication\x64\Debug\link.9680-rc.write.1.tlog
C:\Users\alianny.diazalejo\Documents\GitHub\PSR-Application\StockReaderApplication\x64\Debug\link.9680.read.1.tlog
C:\Users\alianny.diazalejo\Documents\GitHub\PSR-Application\StockReaderApplication\x64\Debug\link.9680.write.1.tlog
C:\Users\alianny.diazalejo\Documents\GitHub\PSR-Application\StockReaderApplication\x64\Debug\link.command.1.tlog
C:\Users\alianny.diazalejo\Documents\GitHub\PSR-Application\StockReaderApplication\x64\Debug\link.read.1.tlog
C:\Users\alianny.diazalejo\Documents\GitHub\PSR-Application\StockReaderApplication\x64\Debug\link.write.1.tlog
C:\Users\alianny.diazalejo\Documents\GitHub\PSR-Application\StockReaderApplication\x64\Debug\metagen.read.1.tlog
C:\Users\alianny.diazalejo\Documents\GitHub\PSR-Application\StockReaderApplication\x64\Debug\metagen.write.1.tlog
C:\Users\alianny.diazalejo\Documents\GitHub\PSR-Application\StockReaderApplication\x64\Debug\rc.command.1.tlog
C:\Users\alianny.diazalejo\Documents\GitHub\PSR-Application\StockReaderApplication\x64\Debug\rc.read.1.tlog
C:\Users\alianny.diazalejo\Documents\GitHub\PSR-Application\StockReaderApplication\x64\Debug\rc.write.1.tlog
C:\Users\alianny.diazalejo\Documents\GitHub\PSR-Application\StockReaderApplication\x64\Debug\SRAPP.write.1.tlog
C:\Users\alianny.diazalejo\Documents\GitHub\PSR-Application\StockReaderApplication\x64\Debug\app.res
C:\Users\alianny.diazalejo\Documents\GitHub\PSR-Application\StockReaderApplication\x64\Debug\SRAPP.pch
C:\Users\alianny.diazalejo\Documents\GitHub\PSR-Application\StockReaderApplication\x64\Debug\vc110.pdb
C:\Users\alianny.diazalejo\Documents\GitHub\PSR-Application\StockReaderApplication\x64\Debug\NVIEW.DLL.bi
C:\Users\alianny.diazalejo\Documents\GitHub\PSR-Application\StockReaderApplication\x64\Debug\RSAENH.DLL.bi
C:\Users\alianny.diazalejo\Documents\GitHub\PSR-Application\StockReaderApplication\x64\Debug\TZRES.DLL.bi
C:\Users\alianny.diazalejo\Documents\GitHub\PSR-Application\x64\Debug\SRAPP.pdb
C:\Users\alianny.diazalejo\Documents\GitHub\PSR-Application\x64\Debug\SRAPP.exe
C:\Users\alianny.diazalejo\Documents\GitHub\PSR-Application\x64\Debug\SRAPP.ilk
